+ source opm_utils.sh
++ DEFAULT_OPM_VERSION=v1.47.0
++ OPM_VERSION=v1.47.0
+ package_name=mtv-operator
+ cmd=--init
+ case $cmd in
+ frag=v4.18
+ '[' -z v4.18 ']'
+ mkdir -p v4.18/catalog/mtv-operator/
+ dockerfile v4.18
+ suffix=-rhel9
+ [[ v4.18 =~ ^v4.1(1|2|3|4)$ ]]
+ cat
++ grep FROM v4.18/catalog.Dockerfile
+ FROMV='FROM registry.redhat.io/openshift4/ose-operator-registry-rhel9:v4.18'
+ OCPV=v4.18
+ from=registry.redhat.io/redhat/redhat-operator-index:v4.18
++ opm_alpha_params v4.18
++ params=
++ [[ ! v4.18 < v4.17 ]]
++ params=--migrate-level=bundle-object-to-csv-metadata
++ echo --migrate-level=bundle-object-to-csv-metadata
+ ./opm migrate --migrate-level=bundle-object-to-csv-metadata registry.redhat.io/redhat/redhat-operator-index:v4.18 ./catalog-migrate-v4.18
time="2025-09-06T00:53:33+02:00" level=info msg="rendering index \"registry.redhat.io/redhat/redhat-operator-index:v4.18\" as file-based catalog"
time="2025-09-06T00:53:55+02:00" level=info msg="wrote rendered file-based catalog to \"./catalog-migrate-v4.18\"\n"
+ ./opm alpha convert-template basic ./catalog-migrate-v4.18/mtv-operator/catalog.json
++ opm_alpha_params v4.18
++ params=
++ [[ ! v4.18 < v4.17 ]]
++ params=--migrate-level=bundle-object-to-csv-metadata
++ echo --migrate-level=bundle-object-to-csv-metadata
+ ./opm alpha render-template basic --migrate-level=bundle-object-to-csv-metadata v4.18/catalog-template.json
+ rm -rf ./catalog-migrate-v4.18
